#
# A fatal error has been detected by the Java Runtime Environment:
#
#  EXCEPTION_ACCESS_VIOLATION (0xc0000005) at pc=0x00007ff819bec3a2, pid=4256, tid=11372
#
# JRE version: Java(TM) SE Runtime Environment (19.0.2+7) (build 19.0.2+7-44)
# Java VM: Java HotSpot(TM) 64-Bit Server VM (19.0.2+7-44, mixed mode, sharing, tiered, compressed oops, compressed class ptrs, g1 gc, windows-amd64)
# Problematic frame:
# C  [igxelpicd64.dll+0x2bc3a2]
#
# No core dump will be written. Minidumps are not enabled by default on client versions of Windows
#
# If you would like to submit a bug report, please visit:
#   https://bugreport.java.com/bugreport/crash.jsp
#

---------------  S U M M A R Y ------------

Command Line: -Djava.library.path=C:\Users\Utente\Desktop\kool-ai\kool-ai\build\classes\kotlin\jvm\main -javaagent:C:\Program Files\JetBrains\IntelliJ IDEA Community Edition 2022.3.2\lib\idea_rt.jar=62694:C:\Program Files\JetBrains\IntelliJ IDEA Community Edition 2022.3.2\bin -Dfile.encoding=UTF-8 -Dsun.stdout.encoding=UTF-8 -Dsun.stderr.encoding=UTF-8 LauncherKt

Host: 11th Gen Intel(R) Core(TM) i7-1165G7 @ 2.80GHz, 8 cores, 15G,  Windows 11 , 64 bit Build 22621 (10.0.22621.1928)
Time: Fri Aug  4 19:18:03 2023 Pacifico (ora legale) elapsed time: 6.100107 seconds (0d 0h 0m 6s)

---------------  T H R E A D  ---------------

Current thread (0x000002179af425d0):  VMThread "VM Thread" [stack: 0x0000008310c00000,0x0000008310d00000] [id=11372]

Stack: [0x0000008310c00000,0x0000008310d00000],  sp=0x0000008310cfe6a0,  free space=1017k
Native frames: (J=compiled Java code, j=interpreted, Vv=VM code, C=native code)
C  [igxelpicd64.dll+0x2bc3a2]


siginfo: EXCEPTION_ACCESS_VIOLATION (0xc0000005), reading address 0x0000000000035888


Registers:
RAX=0x00000217a14c1078, RBX=0x00000217a14c0f70, RCX=0x0000000000000000, RDX=0x00000000fffffff0
RSP=0x0000008310cfe6a0, RBP=0x0000000000000000, RSI=0x00000217a14c1540, RDI=0x00000217a13caa40
R8 =0x0000000000000014, R9 =0x0000000000000000, R10=0x0000000000000000, R11=0x0000000000000246
R12=0x00000217a1485500, R13=0x00000217a14c0250, R14=0x0000000000003b00, R15=0x0000000000000016
RIP=0x00007ff819bec3a2, EFLAGS=0x0000000000010206


Register to memory mapping:

RIP=0x00007ff819bec3a2 igxelpicd64.dll
RAX=0x00000217a14c1078 points into unknown readable memory: 0x0000000000003bb8 | b8 3b 00 00 00 00 00 00
RBX=0x00000217a14c0f70 points into unknown readable memory: 0x000002179fcd17b0 | b0 17 cd 9f 17 02 00 00
RCX=0x0 is NULL
RDX=0x00000000fffffff0 is an unknown value
RSP=0x0000008310cfe6a0 points into unknown readable memory: 0x000002179fd18090 | 90 80 d1 9f 17 02 00 00
RBP=0x0 is NULL
RSI=0x00000217a14c1540 points into unknown readable memory: 0x00000217a14c0250 | 50 02 4c a1 17 02 00 00
RDI=0x00000217a13caa40 points into unknown readable memory: 0x00000217a13f2800 | 00 28 3f a1 17 02 00 00
R8 =0x0000000000000014 is an unknown value
R9 =0x0 is NULL
R10=0x0 is NULL
R11=0x0000000000000246 is an unknown value
R12=0x00000217a1485500 points into unknown readable memory: 0x00000217a1485190 | 90 51 48 a1 17 02 00 00
R13=0x00000217a14c0250 points into unknown readable memory: 0x000002179fcd17b0 | b0 17 cd 9f 17 02 00 00
R14=0x0000000000003b00 is an unknown value
R15=0x0000000000000016 is an unknown value


Top of Stack: (sp=0x0000008310cfe6a0)
0x0000008310cfe6a0:   000002179fd18090 0000000000000000
0x0000008310cfe6b0:   021632a5022e09a5 00007ff88fdb2d94
0x0000008310cfe6c0:   02a2b3a500cfada5 00a644a6028e15a6
0x0000008310cfe6d0:   0290c9a6029574a6 0239b8a700a836a7
0x0000008310cfe6e0:   0000000000000010 0000000000003bc4
0x0000008310cfe6f0:   0000b80200000000 00000217a1485558
0x0000008310cfe700:   0000000000000000 0000000000000000
0x0000008310cfe710:   0000008310cfe820 00007ff819bdbdb7
0x0000008310cfe720:   000002179fd18090 00000217a13caa40
0x0000008310cfe730:   026e64b10238f100 01fcbab202798200
0x0000008310cfe740:   0000008300000888 024852b400000000
0x0000008310cfe750:   0000000000000000 021266b5028465b5
0x0000008310cfe760:   023bf1b6022083b5 023ee2b7020c75b7
0x0000008310cfe770:   009702b80250f1b7 029805b9027fc3b8
0x0000008310cfe780:   01ae79b900f31ab9 0277fab9022ab9b9
0x0000008310cfe790:   02a6f9ba02a7aeba 025c63bb01dd51bb 

Instructions: (pc=0x00007ff819bec3a2)
0x00007ff819bec2a2:   8b fa 48 8b e9 48 8b 1d ba e4 c5 00 48 89 58 08
0x00007ff819bec2b2:   48 8b cb ff 15 4d ee 7e 00 90 4c 8b af 78 02 00
0x00007ff819bec2c2:   00 48 8b 05 16 be b5 00 44 8b b8 90 0b 00 00 45
0x00007ff819bec2d2:   33 d2 45 8a f2 4c 89 97 78 02 00 00 44 89 97 80
0x00007ff819bec2e2:   02 00 00 4c 89 97 98 02 00 00 4c 89 97 88 02 00
0x00007ff819bec2f2:   00 48 85 ed 75 38 8b 35 62 be c5 00 65 48 8b 04
0x00007ff819bec302:   25 58 00 00 00 b9 14 00 00 00 48 8b 04 f0 44 38
0x00007ff819bec312:   14 01 0f 84 30 4d 6c 00 65 48 8b 04 25 58 00 00
0x00007ff819bec322:   00 bd 20 00 00 00 48 8b 04 f0 48 8b 2c 28 48 3b
0x00007ff819bec332:   2d b9 e3 c5 00 45 0f 44 fa 4d 85 ed 0f 84 72 01
0x00007ff819bec342:   00 00 44 8a a4 24 90 00 00 00 49 8b dd 49 8d b5
0x00007ff819bec352:   d0 05 00 00 4c 8b 2e 45 84 e4 0f 85 2c 03 00 00
0x00007ff819bec362:   44 8b 8f c8 01 00 00 48 8b 05 70 bd b5 00 83 b8
0x00007ff819bec372:   68 03 00 00 02 75 36 41 8d 51 f0 41 83 f9 10 0f
0x00007ff819bec382:   83 74 01 00 00 4a 8d 04 cd 21 00 00 00 49 03 c1
0x00007ff819bec392:   48 8d 04 c3 48 85 c0 0f 85 4a 01 00 00 49 8b ca
0x00007ff819bec3a2:   48 3b 8d 88 58 03 00 0f 87 a8 4c 6c 00 48 8d 93
0x00007ff819bec3b2:   08 01 00 00 4c 39 93 48 06 00 00 0f 85 13 4e 6c
0x00007ff819bec3c2:   00 44 8b 9f c8 01 00 00 48 8b 87 e0 01 00 00 4c
0x00007ff819bec3d2:   8b 10 44 8b 87 c8 01 00 00 41 83 f8 10 0f 83 43
0x00007ff819bec3e2:   01 00 00 4b 8d 0c c0 48 8d 04 ca 48 85 c0 0f 85
0x00007ff819bec3f2:   fc 00 00 00 33 c9 49 3b ca 0f 86 58 01 00 00 45
0x00007ff819bec402:   33 d2 48 8b 87 78 02 00 00 48 89 06 48 89 9f 78
0x00007ff819bec412:   02 00 00 ff 87 80 02 00 00 48 8b 43 08 48 8b 88
0x00007ff819bec422:   18 01 00 00 48 81 e1 00 00 ff ff 48 81 c1 00 00
0x00007ff819bec432:   01 00 48 01 8f 88 02 00 00 48 8b 43 08 48 8b 88
0x00007ff819bec442:   18 01 00 00 48 01 8f 98 02 00 00 eb 45 48 8b d3
0x00007ff819bec452:   41 8b cb e8 a6 06 ff ff 45 33 d2 84 c0 75 a3 44
0x00007ff819bec462:   38 53 1c 0f 84 23 02 00 00 48 8b 87 f8 02 00 00
0x00007ff819bec472:   48 03 87 98 02 00 00 48 3b 87 a0 02 00 00 0f 83
0x00007ff819bec482:   7c 4d 6c 00 48 8b d3 48 8b cf e8 4f f0 ff ff 45
0x00007ff819bec492:   33 d2 4d 85 ed 0f 85 af fe ff ff 45 84 f6 44 8a 


Stack slot to memory mapping:
stack at sp + 0 slots: 0x000002179fd18090 points into unknown readable memory: 0xffffffffffffffff | ff ff ff ff ff ff ff ff
stack at sp + 1 slots: 0x0 is NULL
stack at sp + 2 slots: 0x021632a5022e09a5 is an unknown value
stack at sp + 3 slots: 0x00007ff88fdb2d94 ntdll.dll
stack at sp + 4 slots: 0x02a2b3a500cfada5 is an unknown value
stack at sp + 5 slots: 0x00a644a6028e15a6 is an unknown value
stack at sp + 6 slots: 0x0290c9a6029574a6 is an unknown value
stack at sp + 7 slots: 0x0239b8a700a836a7 is an unknown value

VM_Operation (0x00000083136feea0): Exit, mode: safepoint, requested by thread 0x000002179faaf5d0


---------------  P R O C E S S  ---------------

Threads class SMR info:
_java_thread_list=0x00000217b2865d30, length=22, elements={
0x00000217f7b61040, 0x000002179af5b6c0, 0x000002179af5c390, 0x000002179af632a0,
0x000002179af648b0, 0x000002179af67330, 0x000002179af72be0, 0x000002179af7b170,
0x000002179af64e00, 0x000002179af658a0, 0x000002179af65350, 0x000002179af65df0,
0x000002179af66340, 0x000002179af66890, 0x000002179af66de0, 0x000002179af63e10,
0x000002179af64360, 0x000002179fab05c0, 0x000002179fab0070, 0x000002179fab0b10,
0x000002179faa9b80, 0x000002179faaf5d0
}

Java Threads: ( => current thread )
  0x00000217f7b61040 JavaThread "main" [_thread_blocked, id=8632, stack(0x0000008310600000,0x0000008310700000)]
  0x000002179af5b6c0 JavaThread "Reference Handler" daemon [_thread_blocked, id=1972, stack(0x0000008310d00000,0x0000008310e00000)]
  0x000002179af5c390 JavaThread "Finalizer" daemon [_thread_blocked, id=1584, stack(0x0000008310e00000,0x0000008310f00000)]
  0x000002179af632a0 JavaThread "Attach Listener" daemon [_thread_blocked, id=8148, stack(0x0000008311000000,0x0000008311100000)]
  0x000002179af648b0 JavaThread "Service Thread" daemon [_thread_blocked, id=2772, stack(0x0000008311100000,0x0000008311200000)]
  0x000002179af67330 JavaThread "Monitor Deflation Thread" daemon [_thread_blocked, id=6384, stack(0x0000008311200000,0x0000008311300000)]
  0x000002179af72be0 JavaThread "C2 CompilerThread0" daemon [_thread_blocked, id=14652, stack(0x0000008311300000,0x0000008311400000)]
  0x000002179af7b170 JavaThread "C1 CompilerThread0" daemon [_thread_blocked, id=12492, stack(0x0000008311400000,0x0000008311500000)]
  0x000002179af64e00 JavaThread "Sweeper thread" daemon [_thread_blocked, id=11644, stack(0x0000008311500000,0x0000008311600000)]
  0x000002179af658a0 JavaThread "Common-Cleaner" daemon [_thread_blocked, id=8120, stack(0x0000008311600000,0x0000008311700000)]
  0x000002179af65350 JavaThread "Monitor Ctrl-Break" daemon [_thread_in_native, id=404, stack(0x0000008311800000,0x0000008311900000)]
  0x000002179af65df0 JavaThread "Notification Thread" daemon [_thread_blocked, id=9456, stack(0x0000008311900000,0x0000008311a00000)]
  0x000002179af66340 JavaThread "Java2D Disposer" daemon [_thread_blocked, id=11576, stack(0x0000008311b00000,0x0000008311c00000)]
  0x000002179af66890 JavaThread "DefaultDispatcher-worker-1" daemon [_thread_blocked, id=11088, stack(0x0000008311f00000,0x0000008312000000)]
  0x000002179af66de0 JavaThread "DefaultDispatcher-worker-2" daemon [_thread_blocked, id=5168, stack(0x0000008312000000,0x0000008312100000)]
  0x000002179af63e10 JavaThread "DefaultDispatcher-worker-3" daemon [_thread_blocked, id=10228, stack(0x0000008312100000,0x0000008312200000)]
  0x000002179af64360 JavaThread "DefaultDispatcher-worker-4" daemon [_thread_blocked, id=7944, stack(0x0000008312200000,0x0000008312300000)]
  0x000002179fab05c0 JavaThread "DefaultDispatcher-worker-5" daemon [_thread_blocked, id=5324, stack(0x0000008312300000,0x0000008312400000)]
  0x000002179fab0070 JavaThread "DefaultDispatcher-worker-6" daemon [_thread_blocked, id=8032, stack(0x0000008312400000,0x0000008312500000)]
  0x000002179fab0b10 JavaThread "DefaultDispatcher-worker-7" daemon [_thread_blocked, id=13340, stack(0x0000008312500000,0x0000008312600000)]
  0x000002179faa9b80 JavaThread "DefaultDispatcher-worker-8" daemon [_thread_blocked, id=9044, stack(0x0000008312600000,0x0000008312700000)]
  0x000002179faaf5d0 JavaThread "SIGINT handler" daemon [_thread_blocked, id=2520, stack(0x0000008313600000,0x0000008313700000)]

Other Threads:
=>0x000002179af425d0 VMThread "VM Thread" [stack: 0x0000008310c00000,0x0000008310d00000] [id=11372]
  0x00000217f7bd37c0 WorkerThread "GC Thread#0" [stack: 0x0000008310700000,0x0000008310800000] [id=7888]
  0x00000217a16fa850 WorkerThread "GC Thread#1" [stack: 0x0000008312a00000,0x0000008312b00000] [id=1740]
  0x00000217a15a36b0 WorkerThread "GC Thread#2" [stack: 0x0000008312b00000,0x0000008312c00000] [id=8416]
  0x00000217a15a3980 WorkerThread "GC Thread#3" [stack: 0x0000008312c00000,0x0000008312d00000] [id=14100]
  0x00000217a15f3d20 WorkerThread "GC Thread#4" [stack: 0x0000008312d00000,0x0000008312e00000] [id=14656]
  0x00000217a17fd7a0 WorkerThread "GC Thread#5" [stack: 0x0000008312e00000,0x0000008312f00000] [id=11684]
  0x00000217a17fe880 WorkerThread "GC Thread#6" [stack: 0x0000008312f00000,0x0000008313000000] [id=9972]
  0x00000217a17fd200 WorkerThread "GC Thread#7" [stack: 0x0000008313000000,0x0000008313100000] [id=2252]
  0x00000217f7be46b0 ConcurrentGCThread "G1 Main Marker" terminated
  0x00000217f7be5880 WorkerThread "G1 Conc#0" [stack: 0x0000008310900000,0x0000008310a00000] [id=8732]
  0x000002179adfa570 ConcurrentGCThread "G1 Refine#0" terminated
  0x000002179adfbf60 ConcurrentGCThread "G1 Service" terminated

Threads with active compile tasks:

VM state: at safepoint (shutting down)

VM Mutex/Monitor currently owned by a thread:  ([mutex/lock_event])
[0x00000217f7b5c930] Threads_lock - owner thread: 0x000002179af425d0
[0x00000217f7b5b580] Heap_lock - owner thread: 0x000002179faaf5d0

Heap address: 0x0000000703600000, size: 4042 MB, Compressed Oops mode: Zero based, Oop shift amount: 3

CDS archive(s) mapped at: [0x0000000800000000-0x0000000800c40000-0x0000000800c40000), size 12845056, SharedBaseAddress: 0x0000000800000000, ArchiveRelocationMode: 0.
Compressed class space mapped at: 0x0000000801000000-0x0000000841000000, reserved size: 1073741824
Narrow klass base: 0x0000000800000000, Narrow klass shift: 0, Narrow klass range: 0x100000000

GC Precious Log:
 CardTable entry size: 512
 Card Set container configuration: InlinePtr #cards 4 size 8 Array Of Cards #cards 16 size 48 Howl #buckets 8 coarsen threshold 3686 Howl Bitmap #cards 512 size 80 coarsen threshold 460 Card regions per heap region 1 cards per card region 4096
 CPUs: 8 total, 8 available
 Memory: 16167M
 Large Page Support: Disabled
 NUMA Support: Disabled
 Compressed Oops: Enabled (Zero based)
 Heap Region Size: 2M
 Heap Min Capacity: 8M
 Heap Initial Capacity: 254M
 Heap Max Capacity: 4042M
 Pre-touch: Disabled
 Parallel Workers: 8
 Concurrent Workers: 2
 Concurrent Refinement Workers: 8
 Periodic GC: Disabled

Heap:
 garbage-first heap   total 260096K, used 41464K [0x0000000703600000, 0x0000000800000000)
  region size 2048K, 12 young (24576K), 2 survivors (4096K)
 Metaspace       used 19276K, committed 19648K, reserved 1114112K
  class space    used 1578K, committed 1728K, reserved 1048576K

Heap Regions: E=young(eden), S=young(survivor), O=old, HS=humongous(starts), HC=humongous(continues), CS=collection set, F=free, OA=open archive, CA=closed archive, TAMS=top-at-mark-start (previous, next)
|   0|0x0000000703600000, 0x0000000703800000, 0x0000000703800000|100%| O|  |TAMS 0x0000000703600000, 0x0000000703600000| Untracked 
|   1|0x0000000703800000, 0x00000007039ed400, 0x0000000703a00000| 96%| O|  |TAMS 0x0000000703800000, 0x0000000703800000| Untracked 
|   2|0x0000000703a00000, 0x0000000703c00000, 0x0000000703c00000|100%|HS|  |TAMS 0x0000000703a00000, 0x0000000703a00000| Complete 
|   3|0x0000000703c00000, 0x0000000703e00000, 0x0000000703e00000|100%|HC|  |TAMS 0x0000000703c00000, 0x0000000703c00000| Complete 
|   4|0x0000000703e00000, 0x0000000704000000, 0x0000000704000000|100%|HC|  |TAMS 0x0000000703e00000, 0x0000000703e00000| Complete 
|   5|0x0000000704000000, 0x0000000704200000, 0x0000000704200000|100%|HC|  |TAMS 0x0000000704000000, 0x0000000704000000| Complete 
|   6|0x0000000704200000, 0x0000000704400000, 0x0000000704400000|100%|HC|  |TAMS 0x0000000704200000, 0x0000000704200000| Complete 
|   7|0x0000000704400000, 0x0000000704600000, 0x0000000704600000|100%|HC|  |TAMS 0x0000000704400000, 0x0000000704400000| Complete 
|   8|0x0000000704600000, 0x0000000704800000, 0x0000000704800000|100%|HC|  |TAMS 0x0000000704600000, 0x0000000704600000| Complete 
|   9|0x0000000704800000, 0x0000000704a00000, 0x0000000704a00000|100%|HC|  |TAMS 0x0000000704800000, 0x0000000704800000| Complete 
|  10|0x0000000704a00000, 0x0000000704c00000, 0x0000000704c00000|100%|HC|  |TAMS 0x0000000704a00000, 0x0000000704a00000| Complete 
|  11|0x0000000704c00000, 0x0000000704c00000, 0x0000000704e00000|  0%| F|  |TAMS 0x0000000704c00000, 0x0000000704c00000| Untracked 
|  12|0x0000000704e00000, 0x0000000704e00000, 0x0000000705000000|  0%| F|  |TAMS 0x0000000704e00000, 0x0000000704e00000| Untracked 
|  13|0x0000000705000000, 0x0000000705000000, 0x0000000705200000|  0%| F|  |TAMS 0x0000000705000000, 0x0000000705000000| Untracked 
|  14|0x0000000705200000, 0x0000000705200000, 0x0000000705400000|  0%| F|  |TAMS 0x0000000705200000, 0x0000000705200000| Untracked 
|  15|0x0000000705400000, 0x0000000705400000, 0x0000000705600000|  0%| F|  |TAMS 0x0000000705400000, 0x0000000705400000| Untracked 
|  16|0x0000000705600000, 0x0000000705600000, 0x0000000705800000|  0%| F|  |TAMS 0x0000000705600000, 0x0000000705600000| Untracked 
|  17|0x0000000705800000, 0x0000000705800000, 0x0000000705a00000|  0%| F|  |TAMS 0x0000000705800000, 0x0000000705800000| Untracked 
|  18|0x0000000705a00000, 0x0000000705a00000, 0x0000000705c00000|  0%| F|  |TAMS 0x0000000705a00000, 0x0000000705a00000| Untracked 
|  19|0x0000000705c00000, 0x0000000705c00000, 0x0000000705e00000|  0%| F|  |TAMS 0x0000000705c00000, 0x0000000705c00000| Untracked 
|  20|0x0000000705e00000, 0x0000000705e00000, 0x0000000706000000|  0%| F|  |TAMS 0x0000000705e00000, 0x0000000705e00000| Untracked 
|  21|0x0000000706000000, 0x0000000706000000, 0x0000000706200000|  0%| F|  |TAMS 0x0000000706000000, 0x0000000706000000| Untracked 
|  22|0x0000000706200000, 0x0000000706200000, 0x0000000706400000|  0%| F|  |TAMS 0x0000000706200000, 0x0000000706200000| Untracked 
|  23|0x0000000706400000, 0x0000000706400000, 0x0000000706600000|  0%| F|  |TAMS 0x0000000706400000, 0x0000000706400000| Untracked 
|  24|0x0000000706600000, 0x0000000706600000, 0x0000000706800000|  0%| F|  |TAMS 0x0000000706600000, 0x0000000706600000| Untracked 
|  25|0x0000000706800000, 0x0000000706800000, 0x0000000706a00000|  0%| F|  |TAMS 0x0000000706800000, 0x0000000706800000| Untracked 
|  26|0x0000000706a00000, 0x0000000706a00000, 0x0000000706c00000|  0%| F|  |TAMS 0x0000000706a00000, 0x0000000706a00000| Untracked 
|  27|0x0000000706c00000, 0x0000000706c00000, 0x0000000706e00000|  0%| F|  |TAMS 0x0000000706c00000, 0x0000000706c00000| Untracked 
|  28|0x0000000706e00000, 0x0000000706e00000, 0x0000000707000000|  0%| F|  |TAMS 0x0000000706e00000, 0x0000000706e00000| Untracked 
|  29|0x0000000707000000, 0x0000000707000000, 0x0000000707200000|  0%| F|  |TAMS 0x0000000707000000, 0x0000000707000000| Untracked 
|  30|0x0000000707200000, 0x0000000707200000, 0x0000000707400000|  0%| F|  |TAMS 0x0000000707200000, 0x0000000707200000| Untracked 
|  31|0x0000000707400000, 0x0000000707400000, 0x0000000707600000|  0%| F|  |TAMS 0x0000000707400000, 0x0000000707400000| Untracked 
|  32|0x0000000707600000, 0x0000000707600000, 0x0000000707800000|  0%| F|  |TAMS 0x0000000707600000, 0x0000000707600000| Untracked 
|  33|0x0000000707800000, 0x0000000707800000, 0x0000000707a00000|  0%| F|  |TAMS 0x0000000707800000, 0x0000000707800000| Untracked 
|  34|0x0000000707a00000, 0x0000000707a00000, 0x0000000707c00000|  0%| F|  |TAMS 0x0000000707a00000, 0x0000000707a00000| Untracked 
|  35|0x0000000707c00000, 0x0000000707c00000, 0x0000000707e00000|  0%| F|  |TAMS 0x0000000707c00000, 0x0000000707c00000| Untracked 
|  36|0x0000000707e00000, 0x0000000707e00000, 0x0000000708000000|  0%| F|  |TAMS 0x0000000707e00000, 0x0000000707e00000| Untracked 
|  37|0x0000000708000000, 0x0000000708000000, 0x0000000708200000|  0%| F|  |TAMS 0x0000000708000000, 0x0000000708000000| Untracked 
|  38|0x0000000708200000, 0x0000000708200000, 0x0000000708400000|  0%| F|  |TAMS 0x0000000708200000, 0x0000000708200000| Untracked 
|  39|0x0000000708400000, 0x0000000708400000, 0x0000000708600000|  0%| F|  |TAMS 0x0000000708400000, 0x0000000708400000| Untracked 
|  40|0x0000000708600000, 0x0000000708600000, 0x0000000708800000|  0%| F|  |TAMS 0x0000000708600000, 0x0000000708600000| Untracked 
|  41|0x0000000708800000, 0x0000000708800000, 0x0000000708a00000|  0%| F|  |TAMS 0x0000000708800000, 0x0000000708800000| Untracked 
|  42|0x0000000708a00000, 0x0000000708a00000, 0x0000000708c00000|  0%| F|  |TAMS 0x0000000708a00000, 0x0000000708a00000| Untracked 
|  43|0x0000000708c00000, 0x0000000708c00000, 0x0000000708e00000|  0%| F|  |TAMS 0x0000000708c00000, 0x0000000708c00000| Untracked 
|  44|0x0000000708e00000, 0x0000000708e00000, 0x0000000709000000|  0%| F|  |TAMS 0x0000000708e00000, 0x0000000708e00000| Untracked 
|  45|0x0000000709000000, 0x0000000709000000, 0x0000000709200000|  0%| F|  |TAMS 0x0000000709000000, 0x0000000709000000| Untracked 
|  46|0x0000000709200000, 0x0000000709200000, 0x0000000709400000|  0%| F|  |TAMS 0x0000000709200000, 0x0000000709200000| Untracked 
|  47|0x0000000709400000, 0x0000000709400000, 0x0000000709600000|  0%| F|  |TAMS 0x0000000709400000, 0x0000000709400000| Untracked 
|  48|0x0000000709600000, 0x0000000709600000, 0x0000000709800000|  0%| F|  |TAMS 0x0000000709600000, 0x0000000709600000| Untracked 
|  49|0x0000000709800000, 0x0000000709800000, 0x0000000709a00000|  0%| F|  |TAMS 0x0000000709800000, 0x0000000709800000| Untracked 
|  50|0x0000000709a00000, 0x0000000709a00000, 0x0000000709c00000|  0%| F|  |TAMS 0x0000000709a00000, 0x0000000709a00000| Untracked 
|  51|0x0000000709c00000, 0x0000000709c00000, 0x0000000709e00000|  0%| F|  |TAMS 0x0000000709c00000, 0x0000000709c00000| Untracked 
|  52|0x0000000709e00000, 0x0000000709e00000, 0x000000070a000000|  0%| F|  |TAMS 0x0000000709e00000, 0x0000000709e00000| Untracked 
|  53|0x000000070a000000, 0x000000070a000000, 0x000000070a200000|  0%| F|  |TAMS 0x000000070a000000, 0x000000070a000000| Untracked 
|  54|0x000000070a200000, 0x000000070a200000, 0x000000070a400000|  0%| F|  |TAMS 0x000000070a200000, 0x000000070a200000| Untracked 
|  55|0x000000070a400000, 0x000000070a400000, 0x000000070a600000|  0%| F|  |TAMS 0x000000070a400000, 0x000000070a400000| Untracked 
|  56|0x000000070a600000, 0x000000070a600000, 0x000000070a800000|  0%| F|  |TAMS 0x000000070a600000, 0x000000070a600000| Untracked 
|  57|0x000000070a800000, 0x000000070a800000, 0x000000070aa00000|  0%| F|  |TAMS 0x000000070a800000, 0x000000070a800000| Untracked 
|  58|0x000000070aa00000, 0x000000070aa00000, 0x000000070ac00000|  0%| F|  |TAMS 0x000000070aa00000, 0x000000070aa00000| Untracked 
|  59|0x000000070ac00000, 0x000000070ac00000, 0x000000070ae00000|  0%| F|  |TAMS 0x000000070ac00000, 0x000000070ac00000| Untracked 
|  60|0x000000070ae00000, 0x000000070ae00000, 0x000000070b000000|  0%| F|  |TAMS 0x000000070ae00000, 0x000000070ae00000| Untracked 
|  61|0x000000070b000000, 0x000000070b000000, 0x000000070b200000|  0%| F|  |TAMS 0x000000070b000000, 0x000000070b000000| Untracked 
|  62|0x000000070b200000, 0x000000070b200000, 0x000000070b400000|  0%| F|  |TAMS 0x000000070b200000, 0x000000070b200000| Untracked 
|  63|0x000000070b400000, 0x000000070b400000, 0x000000070b600000|  0%| F|  |TAMS 0x000000070b400000, 0x000000070b400000| Untracked 
|  64|0x000000070b600000, 0x000000070b600000, 0x000000070b800000|  0%| F|  |TAMS 0x000000070b600000, 0x000000070b600000| Untracked 
|  65|0x000000070b800000, 0x000000070b800000, 0x000000070ba00000|  0%| F|  |TAMS 0x000000070b800000, 0x000000070b800000| Untracked 
|  66|0x000000070ba00000, 0x000000070ba00000, 0x000000070bc00000|  0%| F|  |TAMS 0x000000070ba00000, 0x000000070ba00000| Untracked 
|  67|0x000000070bc00000, 0x000000070bc00000, 0x000000070be00000|  0%| F|  |TAMS 0x000000070bc00000, 0x000000070bc00000| Untracked 
|  68|0x000000070be00000, 0x000000070be00000, 0x000000070c000000|  0%| F|  |TAMS 0x000000070be00000, 0x000000070be00000| Untracked 
|  69|0x000000070c000000, 0x000000070c000000, 0x000000070c200000|  0%| F|  |TAMS 0x000000070c000000, 0x000000070c000000| Untracked 
|  70|0x000000070c200000, 0x000000070c200000, 0x000000070c400000|  0%| F|  |TAMS 0x000000070c200000, 0x000000070c200000| Untracked 
|  71|0x000000070c400000, 0x000000070c400000, 0x000000070c600000|  0%| F|  |TAMS 0x000000070c400000, 0x000000070c400000| Untracked 
|  72|0x000000070c600000, 0x000000070c600000, 0x000000070c800000|  0%| F|  |TAMS 0x000000070c600000, 0x000000070c600000| Untracked 
|  73|0x000000070c800000, 0x000000070c800000, 0x000000070ca00000|  0%| F|  |TAMS 0x000000070c800000, 0x000000070c800000| Untracked 
|  74|0x000000070ca00000, 0x000000070ca00000, 0x000000070cc00000|  0%| F|  |TAMS 0x000000070ca00000, 0x000000070ca00000| Untracked 
|  75|0x000000070cc00000, 0x000000070cc00000, 0x000000070ce00000|  0%| F|  |TAMS 0x000000070cc00000, 0x000000070cc00000| Untracked 
|  76|0x000000070ce00000, 0x000000070ce00000, 0x000000070d000000|  0%| F|  |TAMS 0x000000070ce00000, 0x000000070ce00000| Untracked 
|  77|0x000000070d000000, 0x000000070d000000, 0x000000070d200000|  0%| F|  |TAMS 0x000000070d000000, 0x000000070d000000| Untracked 
|  78|0x000000070d200000, 0x000000070d200000, 0x000000070d400000|  0%| F|  |TAMS 0x000000070d200000, 0x000000070d200000| Untracked 
|  79|0x000000070d400000, 0x000000070d400000, 0x000000070d600000|  0%| F|  |TAMS 0x000000070d400000, 0x000000070d400000| Untracked 
|  80|0x000000070d600000, 0x000000070d600000, 0x000000070d800000|  0%| F|  |TAMS 0x000000070d600000, 0x000000070d600000| Untracked 
|  81|0x000000070d800000, 0x000000070d800000, 0x000000070da00000|  0%| F|  |TAMS 0x000000070d800000, 0x000000070d800000| Untracked 
|  82|0x000000070da00000, 0x000000070da00000, 0x000000070dc00000|  0%| F|  |TAMS 0x000000070da00000, 0x000000070da00000| Untracked 
|  83|0x000000070dc00000, 0x000000070dc00000, 0x000000070de00000|  0%| F|  |TAMS 0x000000070dc00000, 0x000000070dc00000| Untracked 
|  84|0x000000070de00000, 0x000000070de00000, 0x000000070e000000|  0%| F|  |TAMS 0x000000070de00000, 0x000000070de00000| Untracked 
|  85|0x000000070e000000, 0x000000070e000000, 0x000000070e200000|  0%| F|  |TAMS 0x000000070e000000, 0x000000070e000000| Untracked 
|  86|0x000000070e200000, 0x000000070e200000, 0x000000070e400000|  0%| F|  |TAMS 0x000000070e200000, 0x000000070e200000| Untracked 
|  87|0x000000070e400000, 0x000000070e400000, 0x000000070e600000|  0%| F|  |TAMS 0x000000070e400000, 0x000000070e400000| Untracked 
|  88|0x000000070e600000, 0x000000070e600000, 0x000000070e800000|  0%| F|  |TAMS 0x000000070e600000, 0x000000070e600000| Untracked 
|  89|0x000000070e800000, 0x000000070e800000, 0x000000070ea00000|  0%| F|  |TAMS 0x000000070e800000, 0x000000070e800000| Untracked 
|  90|0x000000070ea00000, 0x000000070ea00000, 0x000000070ec00000|  0%| F|  |TAMS 0x000000070ea00000, 0x000000070ea00000| Untracked 
|  91|0x000000070ec00000, 0x000000070ec00000, 0x000000070ee00000|  0%| F|  |TAMS 0x000000070ec00000, 0x000000070ec00000| Untracked 
|  92|0x000000070ee00000, 0x000000070ee00000, 0x000000070f000000|  0%| F|  |TAMS 0x000000070ee00000, 0x000000070ee00000| Untracked 
|  93|0x000000070f000000, 0x000000070f000000, 0x000000070f200000|  0%| F|  |TAMS 0x000000070f000000, 0x000000070f000000| Untracked 
|  94|0x000000070f200000, 0x000000070f200000, 0x000000070f400000|  0%| F|  |TAMS 0x000000070f200000, 0x000000070f200000| Untracked 
|  95|0x000000070f400000, 0x000000070f400000, 0x000000070f600000|  0%| F|  |TAMS 0x000000070f400000, 0x000000070f400000| Untracked 
|  96|0x000000070f600000, 0x000000070f600000, 0x000000070f800000|  0%| F|  |TAMS 0x000000070f600000, 0x000000070f600000| Untracked 
|  97|0x000000070f800000, 0x000000070f800000, 0x000000070fa00000|  0%| F|  |TAMS 0x000000070f800000, 0x000000070f800000| Untracked 
|  98|0x000000070fa00000, 0x000000070fa00000, 0x000000070fc00000|  0%| F|  |TAMS 0x000000070fa00000, 0x000000070fa00000| Untracked 
|  99|0x000000070fc00000, 0x000000070fc00000, 0x000000070fe00000|  0%| F|  |TAMS 0x000000070fc00000, 0x000000070fc00000| Untracked 
| 100|0x000000070fe00000, 0x000000070fe00000, 0x0000000710000000|  0%| F|  |TAMS 0x000000070fe00000, 0x000000070fe00000| Untracked 
| 101|0x0000000710000000, 0x0000000710000000, 0x0000000710200000|  0%| F|  |TAMS 0x0000000710000000, 0x0000000710000000| Untracked 
| 102|0x0000000710200000, 0x0000000710200000, 0x0000000710400000|  0%| F|  |TAMS 0x0000000710200000, 0x0000000710200000| Untracked 
| 103|0x0000000710400000, 0x0000000710400000, 0x0000000710600000|  0%| F|  |TAMS 0x0000000710400000, 0x0000000710400000| Untracked 
| 104|0x0000000710600000, 0x0000000710600000, 0x0000000710800000|  0%| F|  |TAMS 0x0000000710600000, 0x0000000710600000| Untracked 
| 105|0x0000000710800000, 0x0000000710800000, 0x0000000710a00000|  0%| F|  |TAMS 0x0000000710800000, 0x0000000710800000| Untracked 
| 106|0x0000000710a00000, 0x0000000710a00000, 0x0000000710c00000|  0%| F|  |TAMS 0x0000000710a00000, 0x0000000710a00000| Untracked 
| 107|0x0000000710c00000, 0x0000000710c00000, 0x0000000710e00000|  0%| F|  |TAMS 0x0000000710c00000, 0x0000000710c00000| Untracked 
| 108|0x0000000710e00000, 0x0000000710e90cf0, 0x0000000711000000| 28%| S|CS|TAMS 0x0000000710e00000, 0x0000000710e00000| Complete 
| 109|0x0000000711000000, 0x0000000711200000, 0x0000000711200000|100%| S|CS|TAMS 0x0000000711000000, 0x0000000711000000| Complete 
| 110|0x0000000711200000, 0x0000000711200000, 0x0000000711400000|  0%| F|  |TAMS 0x0000000711200000, 0x0000000711200000| Untracked 
| 111|0x0000000711400000, 0x0000000711400000, 0x0000000711600000|  0%| F|  |TAMS 0x0000000711400000, 0x0000000711400000| Untracked 
| 112|0x0000000711600000, 0x0000000711600000, 0x0000000711800000|  0%| F|  |TAMS 0x0000000711600000, 0x0000000711600000| Untracked 
| 113|0x0000000711800000, 0x0000000711800000, 0x0000000711a00000|  0%| F|  |TAMS 0x0000000711800000, 0x0000000711800000| Untracked 
| 114|0x0000000711a00000, 0x0000000711a00000, 0x0000000711c00000|  0%| F|  |TAMS 0x0000000711a00000, 0x0000000711a00000| Untracked 
| 115|0x0000000711c00000, 0x0000000711c00000, 0x0000000711e00000|  0%| F|  |TAMS 0x0000000711c00000, 0x0000000711c00000| Untracked 
| 116|0x0000000711e00000, 0x0000000711e00000, 0x0000000712000000|  0%| F|  |TAMS 0x0000000711e00000, 0x0000000711e00000| Untracked 
| 117|0x0000000712000000, 0x00000007120beae8, 0x0000000712200000| 37%| E|  |TAMS 0x0000000712000000, 0x0000000712000000| Complete 
| 118|0x0000000712200000, 0x0000000712400000, 0x0000000712400000|100%| E|CS|TAMS 0x0000000712200000, 0x0000000712200000| Complete 
| 119|0x0000000712400000, 0x0000000712600000, 0x0000000712600000|100%| E|CS|TAMS 0x0000000712400000, 0x0000000712400000| Complete 
| 120|0x0000000712600000, 0x0000000712800000, 0x0000000712800000|100%| E|  |TAMS 0x0000000712600000, 0x0000000712600000| Complete 
| 121|0x0000000712800000, 0x0000000712a00000, 0x0000000712a00000|100%| E|CS|TAMS 0x0000000712800000, 0x0000000712800000| Complete 
| 122|0x0000000712a00000, 0x0000000712c00000, 0x0000000712c00000|100%| E|CS|TAMS 0x0000000712a00000, 0x0000000712a00000| Complete 
| 123|0x0000000712c00000, 0x0000000712e00000, 0x0000000712e00000|100%| E|CS|TAMS 0x0000000712c00000, 0x0000000712c00000| Complete 
| 124|0x0000000712e00000, 0x0000000713000000, 0x0000000713000000|100%| E|CS|TAMS 0x0000000712e00000, 0x0000000712e00000| Complete 
| 125|0x0000000713000000, 0x0000000713200000, 0x0000000713200000|100%| E|CS|TAMS 0x0000000713000000, 0x0000000713000000| Complete 
| 126|0x0000000713200000, 0x0000000713400000, 0x0000000713400000|100%| E|CS|TAMS 0x0000000713200000, 0x0000000713200000| Complete 

Card table byte_map: [0x000002178f7f0000,0x000002178ffe0000] _byte_map_base: 0x000002178bfd5000

Marking Bits (Prev, Next): (CMBitMap*) 0x00000217f7bd3df0, (CMBitMap*) 0x00000217f7bd3e30
 Prev Bits: [0x00000217907d0000, 0x00000217946f8000)
 Next Bits: [0x0000021794700000, 0x0000021798628000)

Polling page: 0x00000217f5b50000

Metaspace:

Usage:
  Non-class:     17.28 MB used.
      Class:      1.54 MB used.
       Both:     18.82 MB used.

Virtual space:
  Non-class space:       64.00 MB reserved,      17.50 MB ( 27%) committed,  1 nodes.
      Class space:        1.00 GB reserved,       1.69 MB ( <1%) committed,  1 nodes.
             Both:        1.06 GB reserved,      19.19 MB (  2%) committed. 

Chunk freelists:
   Non-Class:  2.39 MB
       Class:  2.19 MB
        Both:  4.58 MB

MaxMetaspaceSize: unlimited
CompressedClassSpaceSize: 1.00 GB
Initial GC threshold: 21.00 MB
Current GC threshold: 21.00 MB
CDS: on
MetaspaceReclaimPolicy: balanced
 - commit_granule_bytes: 65536.
 - commit_granule_words: 8192.
 - virtual_space_node_default_size: 8388608.
 - enlarge_chunks_in_place: 1.
 - new_chunks_are_fully_committed: 0.
 - uncommit_free_chunks: 1.
 - use_allocation_guard: 0.


Internal statistics:

num_allocs_failed_limit: 0.
num_arena_births: 458.
num_arena_deaths: 0.
num_vsnodes_births: 2.
num_vsnodes_deaths: 0.
num_space_committed: 305.
num_space_uncommitted: 0.
num_chunks_returned_to_freelist: 0.
num_chunks_taken_from_freelist: 943.
num_chunk_merges: 0.
num_chunk_splits: 717.
num_chunks_enlarged: 564.
num_inconsistent_stats: 0.

CodeHeap 'non-profiled nmethods': size=120000Kb used=1309Kb max_used=1309Kb free=118690Kb
 bounds [0x0000021787ad0000, 0x0000021787d40000, 0x000002178f000000]
CodeHeap 'profiled nmethods': size=120000Kb used=6485Kb max_used=6485Kb free=113514Kb
 bounds [0x0000021780000000, 0x0000021780660000, 0x0000021787530000]
CodeHeap 'non-nmethods': size=5760Kb used=1949Kb max_used=1979Kb free=3811Kb
 bounds [0x0000021787530000, 0x00000217877a0000, 0x0000021787ad0000]
 total_blobs=4637 nmethods=3285 adapters=1262
 compilation: enabled
              stopped_count=0, restarted_count=0
 full_count=0

Compilation events (20 events):
Event: 5.412 Thread 0x000002179af7b170 3276       3       java.lang.invoke.LambdaForm$MH/0x000000080100bc00::invoke (75 bytes)
Event: 5.413 Thread 0x000002179af7b170 nmethod 3276 0x000002178062d990 code [0x000002178062dba0, 0x000002178062e4e8]
Event: 5.413 Thread 0x000002179af7b170 3277       3       java.lang.invoke.LambdaForm$MH/0x000000080100b800::invoke (27 bytes)
Event: 5.413 Thread 0x000002179af7b170 nmethod 3277 0x000002178062e790 code [0x000002178062e960, 0x000002178062ed18]
Event: 5.446 Thread 0x000002179af72be0 3278       4       java.lang.Math::max (46 bytes)
Event: 5.446 Thread 0x000002179af7b170 3279       3       de.fabmax.kool.scene.geometry.MeshBuilder::renderMsdfFont (2457 bytes)
Event: 5.447 Thread 0x000002179af72be0 nmethod 3278 0x0000021787c15f90 code [0x0000021787c16140, 0x0000021787c16238]
Event: 5.450 Thread 0x000002179af72be0 3280       4       de.fabmax.kool.math.spatial.BoundingBox::clear (39 bytes)
Event: 5.455 Thread 0x000002179af72be0 nmethod 3280 0x0000021787c16310 code [0x0000021787c164e0, 0x0000021787c16828]
Event: 5.480 Thread 0x000002179af72be0 3281       4       de.fabmax.kool.platform.gl.VboBinder::bindAttribute (78 bytes)
Event: 5.482 Thread 0x000002179af72be0 nmethod 3281 0x0000021787c16d10 code [0x0000021787c16ea0, 0x0000021787c16fd8]
Event: 5.491 Thread 0x000002179af7b170 nmethod 3279 0x000002178062ee10 code [0x0000021780631160, 0x000002178064a698]
Event: 5.494 Thread 0x000002179af7b170 3282       3       java.lang.Runtime::getRuntime (4 bytes)
Event: 5.494 Thread 0x000002179af7b170 nmethod 3282 0x0000021780654c90 code [0x0000021780654e20, 0x0000021780654f18]
Event: 5.545 Thread 0x000002179af72be0 3283       4       java.nio.ByteBuffer::position (6 bytes)
Event: 5.546 Thread 0x000002179af72be0 nmethod 3283 0x0000021787c17190 code [0x0000021787c17320, 0x0000021787c17418]
Event: 5.578 Thread 0x000002179af7b170 3284       3       java.nio.CharBuffer::hasArray (20 bytes)
Event: 5.578 Thread 0x000002179af7b170 nmethod 3284 0x0000021780654f90 code [0x0000021780655120, 0x00000217806552d8]
Event: 5.578 Thread 0x000002179af7b170 3285       3       java.nio.ByteBuffer::hasArray (20 bytes)
Event: 5.578 Thread 0x000002179af7b170 nmethod 3285 0x0000021780655390 code [0x0000021780655520, 0x00000217806556d8]

GC Heap History (4 events):
Event: 0.715 GC heap before
{Heap before GC invocations=0 (full 0):
 garbage-first heap   total 260096K, used 22528K [0x0000000703600000, 0x0000000800000000)
  region size 2048K, 11 young (22528K), 0 survivors (0K)
 Metaspace       used 7330K, committed 7552K, reserved 1114112K
  class space    used 622K, committed 768K, reserved 1048576K
}
Event: 0.719 GC heap after
{Heap after GC invocations=1 (full 0):
 garbage-first heap   total 260096K, used 4080K [0x0000000703600000, 0x0000000800000000)
  region size 2048K, 2 young (4096K), 2 survivors (4096K)
 Metaspace       used 7330K, committed 7552K, reserved 1114112K
  class space    used 622K, committed 768K, reserved 1048576K
}
Event: 1.435 GC heap before
{Heap before GC invocations=1 (full 0):
 garbage-first heap   total 260096K, used 32752K [0x0000000703600000, 0x0000000800000000)
  region size 2048K, 17 young (34816K), 2 survivors (4096K)
 Metaspace       used 15100K, committed 15488K, reserved 1114112K
  class space    used 1320K, committed 1472K, reserved 1048576K
}
Event: 1.441 GC heap after
{Heap after GC invocations=2 (full 0):
 garbage-first heap   total 260096K, used 6648K [0x0000000703600000, 0x0000000800000000)
  region size 2048K, 2 young (4096K), 2 survivors (4096K)
 Metaspace       used 15100K, committed 15488K, reserved 1114112K
  class space    used 1320K, committed 1472K, reserved 1048576K
}

Dll operation events (20 events):
Event: 0.007 Loaded shared library C:\Program Files\Java\jdk-19\bin\java.dll
Event: 0.016 Loaded shared library C:\Program Files\Java\jdk-19\bin\jsvml.dll
Event: 0.071 Loaded shared library C:\Program Files\Java\jdk-19\bin\zip.dll
Event: 0.073 Loaded shared library C:\Program Files\Java\jdk-19\bin\instrument.dll
Event: 0.077 Loaded shared library C:\Program Files\Java\jdk-19\bin\net.dll
Event: 0.079 Loaded shared library C:\Program Files\Java\jdk-19\bin\nio.dll
Event: 0.081 Loaded shared library C:\Program Files\Java\jdk-19\bin\zip.dll
Event: 0.117 Loaded shared library C:\Program Files\JetBrains\IntelliJ IDEA Community Edition 2022.3.2\bin\breakgen64.dll
Event: 0.121 Loaded shared library C:\Program Files\Java\jdk-19\bin\jimage.dll
Event: 0.122 Loaded shared library C:\Program Files\Java\jdk-19\bin\extnet.dll
Event: 0.136 Loaded shared library C:\Program Files\Java\jdk-19\bin\awt.dll
Event: 0.356 Loaded shared library C:\Users\Utente\AppData\Local\Temp\lwjgl_Utente\3.3.2+13\x64\lwjgl.dll
Event: 0.822 Loaded shared library C:\Users\Utente\AppData\Local\Temp\lwjgl_Utente\3.3.2+13\x64\lwjgl_opengl.dll
Event: 1.091 Loaded shared library C:\Users\Utente\AppData\Local\Temp\de.fabmax.physx-jni\2.0.5\PhysX_64.dll
Event: 1.093 Loaded shared library C:\Users\Utente\AppData\Local\Temp\de.fabmax.physx-jni\2.0.5\PhysXCommon_64.dll
Event: 1.095 Loaded shared library C:\Users\Utente\AppData\Local\Temp\de.fabmax.physx-jni\2.0.5\PhysXCooking_64.dll
Event: 1.096 Loaded shared library C:\Users\Utente\AppData\Local\Temp\de.fabmax.physx-jni\2.0.5\PhysXFoundation_64.dll
Event: 1.098 Loaded shared library C:\Users\Utente\AppData\Local\Temp\de.fabmax.physx-jni\2.0.5\PhysXJniBindings_64.dll
Event: 1.803 Loaded shared library C:\Program Files\Java\jdk-19\bin\freetype.dll
Event: 1.804 Loaded shared library C:\Program Files\Java\jdk-19\bin\fontmanager.dll

Deoptimization events (20 events):
Event: 5.577 Thread 0x000002179faad0a0 Uncommon trap: trap_request=0xffffff45 fr.pc=0x0000021787b80438 relative=0x0000000000000038
Event: 5.577 Thread 0x000002179faad0a0 Uncommon trap: reason=unstable_if action=reinterpret pc=0x0000021787b80438 method=kotlin.jvm.internal.Intrinsics.checkNotNullExpressionValue(Ljava/lang/Object;Ljava/lang/String;)V @ 1 c2
Event: 5.577 Thread 0x000002179faad0a0 DEOPT PACKING pc=0x0000021787b80438 sp=0x00000083138fe1f0
Event: 5.577 Thread 0x000002179faad0a0 DEOPT UNPACKING pc=0x000002178759a5a3 sp=0x00000083138fe190 mode 2
Event: 5.577 Thread 0x000002179faad0a0 Uncommon trap: trap_request=0xffffff45 fr.pc=0x0000021787b10060 relative=0x00000000000004a0
Event: 5.577 Thread 0x000002179faad0a0 Uncommon trap: reason=unstable_if action=reinterpret pc=0x0000021787b10060 method=java.lang.AbstractStringBuilder.inflateIfNeededFor(Ljava/lang/String;)V @ 14 c2
Event: 5.577 Thread 0x000002179faad0a0 DEOPT PACKING pc=0x0000021787b10060 sp=0x00000083138fe120
Event: 5.577 Thread 0x000002179faad0a0 DEOPT UNPACKING pc=0x000002178759a5a3 sp=0x00000083138fdfc0 mode 2
Event: 5.577 Thread 0x000002179faad0a0 Uncommon trap: trap_request=0xffffff45 fr.pc=0x0000021787b0cedc relative=0x000000000000049c
Event: 5.577 Thread 0x000002179faad0a0 Uncommon trap: reason=unstable_if action=reinterpret pc=0x0000021787b0cedc method=java.lang.AbstractStringBuilder.inflateIfNeededFor(Ljava/lang/String;)V @ 14 c2
Event: 5.577 Thread 0x000002179faad0a0 DEOPT PACKING pc=0x0000021787b0cedc sp=0x00000083138fe0b0
Event: 5.577 Thread 0x000002179faad0a0 DEOPT UNPACKING pc=0x000002178759a5a3 sp=0x00000083138fdfb8 mode 2
Event: 5.577 Thread 0x000002179faad0a0 Uncommon trap: trap_request=0xffffff45 fr.pc=0x0000021787b0b69c relative=0x00000000000000fc
Event: 5.577 Thread 0x000002179faad0a0 Uncommon trap: reason=unstable_if action=reinterpret pc=0x0000021787b0b69c method=java.lang.String.getBytes([BIB)V @ 5 c2
Event: 5.577 Thread 0x000002179faad0a0 DEOPT PACKING pc=0x0000021787b0b69c sp=0x00000083138fdfd0
Event: 5.577 Thread 0x000002179faad0a0 DEOPT UNPACKING pc=0x000002178759a5a3 sp=0x00000083138fdf98 mode 2
Event: 5.577 Thread 0x000002179faad0a0 Uncommon trap: trap_request=0xffffff45 fr.pc=0x0000021787b82cbc relative=0x000000000000041c
Event: 5.577 Thread 0x000002179faad0a0 Uncommon trap: reason=unstable_if action=reinterpret pc=0x0000021787b82cbc method=java.lang.String.<init>(Ljava/lang/AbstractStringBuilder;Ljava/lang/Void;)V @ 19 c2
Event: 5.577 Thread 0x000002179faad0a0 DEOPT PACKING pc=0x0000021787b82cbc sp=0x00000083138fe130
Event: 5.577 Thread 0x000002179faad0a0 DEOPT UNPACKING pc=0x000002178759a5a3 sp=0x00000083138fe018 mode 2

Classes loaded (20 events):
Event: 1.886 Loading class sun/font/SunFontManager$9
Event: 1.886 Loading class sun/font/SunFontManager$9 done
Event: 1.955 Loading class sun/font/NativeFont
Event: 1.955 Loading class sun/font/NativeFont done
Event: 5.569 Loading class jdk/internal/misc/Signal$1
Event: 5.569 Loading class jdk/internal/misc/Signal$1 done
Event: 5.570 Loading class java/util/WeakHashMap$KeyIterator
Event: 5.570 Loading class java/util/WeakHashMap$HashIterator
Event: 5.570 Loading class java/util/WeakHashMap$HashIterator done
Event: 5.570 Loading class java/util/zip/GZIPOutputStream
Event: 5.570 Loading class java/util/WeakHashMap$KeyIterator done
Event: 5.570 Loading class java/util/zip/DeflaterOutputStream
Event: 5.570 Loading class java/util/zip/DeflaterOutputStream done
Event: 5.570 Loading class java/util/zip/GZIPOutputStream done
Event: 5.570 Loading class java/util/zip/Deflater
Event: 5.571 Loading class java/util/zip/Deflater done
Event: 5.571 Loading class java/util/zip/Deflater$DeflaterZStreamRef
Event: 5.571 Loading class java/util/zip/Deflater$DeflaterZStreamRef done
Event: 5.578 Loading class java/io/FileOutputStream$1
Event: 5.578 Loading class java/io/FileOutputStream$1 done

Classes unloaded (0 events):
No events

Classes redefined (0 events):
No events

Internal exceptions (20 events):
Event: 0.719 Thread 0x00000217f7b61040 Exception <a 'java/lang/NoSuchMethodError'{0x000000071322ee48}: 'void java.lang.invoke.DirectMethodHandle$Holder.invokeStatic(java.lang.Object, long)'> (0x000000071322ee48) 
thrown [s\open\src\hotspot\share\interpreter\linkResolver.cpp, line 774]
Event: 0.726 Thread 0x00000217f7b61040 Exception <a 'java/lang/NoSuchMethodError'{0x0000000713257030}: 'void java.lang.invoke.DirectMethodHandle$Holder.invokeStatic(java.lang.Object, java.lang.Object, long)'> (0x0000000713257030) 
thrown [s\open\src\hotspot\share\interpreter\linkResolver.cpp, line 774]
Event: 0.794 Thread 0x00000217f7b61040 Exception <a 'java/lang/NoSuchMethodError'{0x000000071331a120}: 'void java.lang.System.load(java.lang.String, java.lang.Class)'> (0x000000071331a120) 
thrown [s\open\src\hotspot\share\interpreter\linkResolver.cpp, line 774]
Event: 0.799 Thread 0x00000217f7b61040 Exception <a 'java/lang/NoSuchMethodError'{0x000000071331cf80}: 'void java.lang.System.loadLibrary(java.lang.String, java.lang.Class)'> (0x000000071331cf80) 
thrown [s\open\src\hotspot\share\interpreter\linkResolver.cpp, line 774]
Event: 0.810 Thread 0x00000217f7b61040 Exception <a 'sun/nio/fs/WindowsException'{0x000000071332c0b0}> (0x000000071332c0b0) 
thrown [s\open\src\hotspot\share\prims\jni.cpp, line 517]
Event: 0.810 Thread 0x00000217f7b61040 Exception <a 'sun/nio/fs/WindowsException'{0x000000071332c460}> (0x000000071332c460) 
thrown [s\open\src\hotspot\share\prims\jni.cpp, line 517]
Event: 0.832 Thread 0x00000217f7b61040 Exception <a 'sun/nio/fs/WindowsException'{0x00000007133349f8}> (0x00000007133349f8) 
thrown [s\open\src\hotspot\share\prims\jni.cpp, line 517]
Event: 0.833 Thread 0x00000217f7b61040 Exception <a 'sun/nio/fs/WindowsException'{0x0000000713334ce8}> (0x0000000713334ce8) 
thrown [s\open\src\hotspot\share\prims\jni.cpp, line 517]
Event: 0.977 Thread 0x00000217f7b61040 Exception <a 'java/lang/NoSuchMethodError'{0x000000071319d610}: 'void java.lang.invoke.DirectMethodHandle$Holder.invokeStatic(java.lang.Object, long, int)'> (0x000000071319d610) 
thrown [s\open\src\hotspot\share\interpreter\linkResolver.cpp, line 774]
Event: 1.034 Thread 0x000002179af632a0 Exception <a 'java/lang/NoSuchMethodError'{0x0000000712df5a40}: 'java.lang.Object java.lang.invoke.Invokers$Holder.invokeExact_MT(java.lang.Object, java.lang.Object, java.lang.Object, java.lang.Object, java.lang.Object, java.lang.Object)'> (0x0000000712df5a40) 
thrown [s\open\src\hotspot\share\interpreter\linkResolver.cpp, line 774]
Event: 1.126 Thread 0x00000217f7b61040 Exception <a 'java/lang/NoSuchMethodError'{0x0000000712919fc0}: 'long java.lang.invoke.DirectMethodHandle$Holder.invokeVirtual(java.lang.Object, java.lang.Object, int, int)'> (0x0000000712919fc0) 
thrown [s\open\src\hotspot\share\interpreter\linkResolver.cpp, line 774]
Event: 1.384 Thread 0x00000217f7b61040 Exception <a 'java/lang/NoSuchMethodError'{0x00000007115120e8}: 'java.lang.Object java.lang.invoke.DirectMethodHandle$Holder.invokeSpecial(java.lang.Object, java.lang.Object, int, java.lang.Object, java.lang.Object)'> (0x00000007115120e8) 
thrown [s\open\src\hotspot\share\interpreter\linkResolver.cpp, line 774]
Event: 1.392 Thread 0x00000217f7b61040 Exception <a 'java/lang/NoSuchMethodError'{0x000000071157ab50}: 'java.lang.Object java.lang.invoke.DirectMethodHandle$Holder.invokeSpecial(java.lang.Object, java.lang.Object, java.lang.Object, int, java.lang.Object)'> (0x000000071157ab50) 
thrown [s\open\src\hotspot\share\interpreter\linkResolver.cpp, line 774]
Event: 1.392 Thread 0x00000217f7b61040 Exception <a 'java/lang/NoSuchMethodError'{0x000000071157e728}: 'java.lang.Object java.lang.invoke.Invokers$Holder.linkToTargetMethod(java.lang.Object, int, java.lang.Object, java.lang.Object)'> (0x000000071157e728) 
thrown [s\open\src\hotspot\share\interpreter\linkResolver.cpp, line 774]
Event: 1.428 Thread 0x00000217f7b61040 Implicit null exception at 0x0000021787b2bb0d to 0x0000021787b2bd6c
Event: 1.428 Thread 0x00000217f7b61040 Implicit null exception at 0x0000021787b735af to 0x0000021787b73629
Event: 1.850 Thread 0x000002179fab05c0 Exception <a 'java/io/FileNotFoundException'{0x0000000712a1c880}> (0x0000000712a1c880) 
thrown [s\open\src\hotspot\share\prims\jni.cpp, line 517]
Event: 1.859 Thread 0x000002179fab05c0 Exception <a 'java/io/FileNotFoundException'{0x0000000712a8bd18}> (0x0000000712a8bd18) 
thrown [s\open\src\hotspot\share\prims\jni.cpp, line 517]
Event: 1.871 Thread 0x000002179fab05c0 Exception <a 'java/io/FileNotFoundException'{0x0000000712b3adb8}> (0x0000000712b3adb8) 
thrown [s\open\src\hotspot\share\prims\jni.cpp, line 517]
Event: 1.878 Thread 0x000002179fab05c0 Exception <a 'java/io/FileNotFoundException'{0x0000000712ba9c78}> (0x0000000712ba9c78) 
thrown [s\open\src\hotspot\share\prims\jni.cpp, line 517]

VM Operations (20 events):
Event: 0.965 Executing VM operation: HandshakeAllThreads done
Event: 0.965 Executing VM operation: HandshakeAllThreads
Event: 0.965 Executing VM operation: HandshakeAllThreads done
Event: 1.250 Executing VM operation: ICBufferFull
Event: 1.250 Executing VM operation: ICBufferFull done
Event: 1.435 Executing VM operation: G1CollectForAllocation
Event: 1.441 Executing VM operation: G1CollectForAllocation done
Event: 1.477 Executing VM operation: ICBufferFull
Event: 1.477 Executing VM operation: ICBufferFull done
Event: 1.821 Executing VM operation: HandshakeAllThreads
Event: 1.821 Executing VM operation: HandshakeAllThreads done
Event: 1.964 Executing VM operation: ICBufferFull
Event: 1.964 Executing VM operation: ICBufferFull done
Event: 2.971 Executing VM operation: Cleanup
Event: 2.971 Executing VM operation: Cleanup done
Event: 3.985 Executing VM operation: Cleanup
Event: 3.985 Executing VM operation: Cleanup done
Event: 5.000 Executing VM operation: Cleanup
Event: 5.000 Executing VM operation: Cleanup done
Event: 5.578 Executing VM operation: Exit

Events (20 events):
Event: 0.220 Thread 0x000002179af66340 Thread added: 0x000002179af66340
Event: 0.584 Thread 0x000002179af66890 Thread added: 0x000002179af66890
Event: 0.585 Thread 0x000002179af66de0 Thread added: 0x000002179af66de0
Event: 0.591 Thread 0x000002179af63e10 Thread added: 0x000002179af63e10
Event: 0.591 Thread 0x000002179af64360 Thread added: 0x000002179af64360
Event: 0.591 Thread 0x000002179fab05c0 Thread added: 0x000002179fab05c0
Event: 0.591 Thread 0x000002179fab0070 Thread added: 0x000002179fab0070
Event: 0.591 Thread 0x000002179fab0b10 Thread added: 0x000002179fab0b10
Event: 0.592 Thread 0x000002179faa9b80 Thread added: 0x000002179faa9b80
Event: 0.831 Thread 0x000002179f43cde0 Thread exited: 0x000002179f43cde0
Event: 1.165 Thread 0x00000217a1afc740 Thread added: 0x00000217a1afc740
Event: 1.693 Thread 0x00000217a1afc740 Thread exited: 0x00000217a1afc740
Event: 1.816 Thread 0x00000217a1624090 Thread added: 0x00000217a1624090
Event: 2.295 Thread 0x00000217a1624090 Thread exited: 0x00000217a1624090
Event: 5.569 Thread 0x000002179faaf5d0 Thread added: 0x000002179faaf5d0
Event: 5.569 Thread 0x000002179fab15b0 Thread added: 0x000002179fab15b0
Event: 5.570 Thread 0x000002179faad0a0 Thread added: 0x000002179faad0a0
Event: 5.570 Thread 0x000002179fab15b0 Thread exited: 0x000002179fab15b0
Event: 5.578 Thread 0x000002179faad0a0 Thread exited: 0x000002179faad0a0
Event: 5.578 Thread 0x000002179af624e0 Thread exited: 0x000002179af624e0


Dynamic libraries:
0x00007ff7db410000 - 0x00007ff7db420000 	C:\Program Files\Java\jdk-19\bin\java.exe
0x00007ff88fd10000 - 0x00007ff88ff24000 	C:\WINDOWS\SYSTEM32\ntdll.dll
0x00007ff88f430000 - 0x00007ff88f4f2000 	C:\WINDOWS\System32\KERNEL32.DLL
0x00007ff88d1c0000 - 0x00007ff88d563000 	C:\WINDOWS\System32\KERNELBASE.dll
0x00007ff88d570000 - 0x00007ff88d681000 	C:\WINDOWS\System32\ucrtbase.dll
0x00007ff8810a0000 - 0x00007ff8810b8000 	C:\Program Files\Java\jdk-19\bin\jli.dll
0x00007ff881ab0000 - 0x00007ff881acb000 	C:\Program Files\Java\jdk-19\bin\VCRUNTIME140.dll
0x00007ff88e5d0000 - 0x00007ff88e67e000 	C:\WINDOWS\System32\ADVAPI32.dll
0x00007ff88e4f0000 - 0x00007ff88e597000 	C:\WINDOWS\System32\msvcrt.dll
0x00007ff88f990000 - 0x00007ff88fa34000 	C:\WINDOWS\System32\sechost.dll
0x00007ff88ec90000 - 0x00007ff88eda7000 	C:\WINDOWS\System32\RPCRT4.dll
0x00007ff88eae0000 - 0x00007ff88ec8a000 	C:\WINDOWS\System32\USER32.dll
0x00007ff88d110000 - 0x00007ff88d136000 	C:\WINDOWS\System32\win32u.dll
0x00007ff87cc50000 - 0x00007ff87cede000 	C:\WINDOWS\WinSxS\amd64_microsoft.windows.common-controls_6595b64144ccf1df_6.0.22621.1635_none_270f70857386168e\COMCTL32.dll
0x00007ff88e5a0000 - 0x00007ff88e5c9000 	C:\WINDOWS\System32\GDI32.dll
0x00007ff88d7f0000 - 0x00007ff88d909000 	C:\WINDOWS\System32\gdi32full.dll
0x00007ff88d690000 - 0x00007ff88d72a000 	C:\WINDOWS\System32\msvcp_win.dll
0x00007ff881690000 - 0x00007ff88169a000 	C:\WINDOWS\SYSTEM32\VERSION.dll
0x00007ff88e680000 - 0x00007ff88e6b1000 	C:\WINDOWS\System32\IMM32.DLL
0x00007ff888210000 - 0x00007ff88821c000 	C:\Program Files\Java\jdk-19\bin\vcruntime140_1.dll
0x00007ff877370000 - 0x00007ff8773fe000 	C:\Program Files\Java\jdk-19\bin\msvcp140.dll
0x00007ff82ba00000 - 0x00007ff82c6c0000 	C:\Program Files\Java\jdk-19\bin\server\jvm.dll
0x00007ff884940000 - 0x00007ff884974000 	C:\WINDOWS\SYSTEM32\WINMM.dll
0x00007ff8883d0000 - 0x00007ff8883d9000 	C:\WINDOWS\SYSTEM32\WSOCK32.dll
0x00007ff88f000000 - 0x00007ff88f071000 	C:\WINDOWS\System32\WS2_32.dll
0x00007ff88c240000 - 0x00007ff88c258000 	C:\WINDOWS\SYSTEM32\kernel.appcore.dll
0x00007ff881ae0000 - 0x00007ff881aea000 	C:\Program Files\Java\jdk-19\bin\jimage.dll
0x00007ff88aac0000 - 0x00007ff88acee000 	C:\WINDOWS\SYSTEM32\DBGHELP.DLL
0x00007ff88e750000 - 0x00007ff88ead9000 	C:\WINDOWS\System32\combase.dll
0x00007ff88ee90000 - 0x00007ff88ef67000 	C:\WINDOWS\System32\OLEAUT32.dll
0x00007ff877eb0000 - 0x00007ff877ee2000 	C:\WINDOWS\SYSTEM32\dbgcore.DLL
0x00007ff88d140000 - 0x00007ff88d1ba000 	C:\WINDOWS\System32\bcryptPrimitives.dll
0x00007ff881090000 - 0x00007ff88109e000 	C:\Program Files\Java\jdk-19\bin\instrument.dll
0x00007ff8771e0000 - 0x00007ff877206000 	C:\Program Files\Java\jdk-19\bin\java.dll
0x00007ff852940000 - 0x00007ff852a17000 	C:\Program Files\Java\jdk-19\bin\jsvml.dll
0x00007ff88daf0000 - 0x00007ff88e2e9000 	C:\WINDOWS\System32\SHELL32.dll
0x00007ff88b100000 - 0x00007ff88b9ce000 	C:\WINDOWS\SYSTEM32\windows.storage.dll
0x00007ff88afc0000 - 0x00007ff88b0fe000 	C:\WINDOWS\SYSTEM32\wintypes.dll
0x00007ff88fbd0000 - 0x00007ff88fcc1000 	C:\WINDOWS\System32\SHCORE.dll
0x00007ff88fa40000 - 0x00007ff88fa9e000 	C:\WINDOWS\System32\shlwapi.dll
0x00007ff88d040000 - 0x00007ff88d066000 	C:\WINDOWS\SYSTEM32\profapi.dll
0x00007ff875960000 - 0x00007ff875978000 	C:\Program Files\Java\jdk-19\bin\zip.dll
0x00007ff875940000 - 0x00007ff875953000 	C:\Program Files\Java\jdk-19\bin\net.dll
0x00007ff887150000 - 0x00007ff887287000 	C:\WINDOWS\SYSTEM32\WINHTTP.dll
0x00007ff88c6c0000 - 0x00007ff88c729000 	C:\WINDOWS\system32\mswsock.dll
0x00007ff8758c0000 - 0x00007ff8758d6000 	C:\Program Files\Java\jdk-19\bin\nio.dll
0x00007ff888140000 - 0x00007ff88815a000 	C:\Program Files\JetBrains\IntelliJ IDEA Community Edition 2022.3.2\bin\breakgen64.dll
0x00007ff875d10000 - 0x00007ff875d18000 	C:\Program Files\Java\jdk-19\bin\extnet.dll
0x00007ff854090000 - 0x00007ff854221000 	C:\Program Files\Java\jdk-19\bin\awt.dll
0x00007ff88a130000 - 0x00007ff88a1c7000 	C:\WINDOWS\SYSTEM32\apphelp.dll
0x00007ff88c920000 - 0x00007ff88c93b000 	C:\WINDOWS\SYSTEM32\CRYPTSP.dll
0x00007ff88c1b0000 - 0x00007ff88c1e5000 	C:\WINDOWS\system32\rsaenh.dll
0x00007ff88c7c0000 - 0x00007ff88c7ec000 	C:\WINDOWS\SYSTEM32\USERENV.dll
0x00007ff88cae0000 - 0x00007ff88cb08000 	C:\WINDOWS\SYSTEM32\bcrypt.dll
0x00007ff88c940000 - 0x00007ff88c94c000 	C:\WINDOWS\SYSTEM32\CRYPTBASE.dll
0x00007ff88bcb0000 - 0x00007ff88bcdd000 	C:\WINDOWS\SYSTEM32\IPHLPAPI.DLL
0x00007ff88f110000 - 0x00007ff88f119000 	C:\WINDOWS\System32\NSI.dll
0x00007ff8853a0000 - 0x00007ff8853b9000 	C:\WINDOWS\SYSTEM32\dhcpcsvc6.DLL
0x00007ff884c40000 - 0x00007ff884c5f000 	C:\WINDOWS\SYSTEM32\dhcpcsvc.DLL
0x00007ff88bd20000 - 0x00007ff88be13000 	C:\WINDOWS\SYSTEM32\DNSAPI.dll
0x00007ff874a20000 - 0x00007ff874a9a000 	C:\Users\Utente\AppData\Local\Temp\lwjgl_Utente\3.3.2+13\x64\lwjgl.dll
0x00007ff845250000 - 0x00007ff8454c0000 	C:\Users\Utente\AppData\Local\Temp\lwjgl_Utente\3.3.2+13\x64\jemalloc.dll
0x00007ff869b00000 - 0x00007ff869b82000 	C:\Users\Utente\AppData\Local\Temp\lwjgl_Utente\3.3.2+13\x64\glfw.dll
0x00007ff871c40000 - 0x00007ff871c86000 	C:\WINDOWS\SYSTEM32\dinput8.dll
0x00007ff877830000 - 0x00007ff877841000 	C:\WINDOWS\SYSTEM32\xinput1_4.dll
0x00007ff88ce00000 - 0x00007ff88ce4e000 	C:\WINDOWS\SYSTEM32\cfgmgr32.dll
0x00007ff88cdd0000 - 0x00007ff88cdfc000 	C:\WINDOWS\SYSTEM32\DEVOBJ.dll
0x00007ff88a550000 - 0x00007ff88a57b000 	C:\WINDOWS\SYSTEM32\dwmapi.dll
0x00007ff86e0a0000 - 0x00007ff86e2a1000 	C:\WINDOWS\SYSTEM32\inputhost.dll
0x00007ff889d40000 - 0x00007ff889e73000 	C:\WINDOWS\SYSTEM32\CoreMessaging.dll
0x00007ff88a2c0000 - 0x00007ff88a36b000 	C:\WINDOWS\system32\uxtheme.dll
0x00007ff88faa0000 - 0x00007ff88fbc7000 	C:\WINDOWS\System32\MSCTF.dll
0x00007ff86c6c0000 - 0x00007ff86c7c0000 	C:\WINDOWS\SYSTEM32\opengl32.dll
0x00007ff86ddc0000 - 0x00007ff86dded000 	C:\WINDOWS\SYSTEM32\GLU32.dll
0x00007ff88a400000 - 0x00007ff88a438000 	C:\WINDOWS\SYSTEM32\dxcore.dll
0x00007ff886e80000 - 0x00007ff886ec8000 	C:\WINDOWS\SYSTEM32\directxdatabasehelper.dll
0x00007ff88edb0000 - 0x00007ff88ee60000 	C:\WINDOWS\System32\clbcatq.dll
0x00007ff819930000 - 0x00007ff81a908000 	C:\WINDOWS\System32\DriverStore\FileRepository\iigd_dch.inf_amd64_c529b210005a7e19\igxelpicd64.dll
0x00007ff88e2f0000 - 0x00007ff88e48c000 	C:\WINDOWS\System32\ole32.dll
0x00007ff88a440000 - 0x00007ff88a536000 	C:\WINDOWS\system32\dxgi.dll
0x00007ff8508b0000 - 0x00007ff8509ee000 	C:\WINDOWS\System32\DriverStore\FileRepository\iigd_dch.inf_amd64_c529b210005a7e19\igdml64.dll
0x00007ff881200000 - 0x00007ff8815f0000 	C:\WINDOWS\System32\DriverStore\FileRepository\iigd_dch.inf_amd64_c529b210005a7e19\igdgmm64.dll
0x00007ff878230000 - 0x00007ff87c874000 	C:\WINDOWS\System32\DriverStore\FileRepository\iigd_dch.inf_amd64_c529b210005a7e19\igc64.dll
0x00007ff88c010000 - 0x00007ff88c05d000 	C:\WINDOWS\SYSTEM32\powrprof.dll
0x00007ff88bff0000 - 0x00007ff88c003000 	C:\WINDOWS\SYSTEM32\UMPDC.dll
0x00007ff885990000 - 0x00007ff885a4c000 	C:\WINDOWS\SYSTEM32\mscms.dll
0x00007ff869890000 - 0x00007ff8698d9000 	C:\WINDOWS\SYSTEM32\icm32.dll
0x00007ff870110000 - 0x00007ff87023d000 	C:\WINDOWS\SYSTEM32\textinputframework.dll
0x00007ff866570000 - 0x00007ff8665ce000 	C:\Users\Utente\AppData\Local\Temp\lwjgl_Utente\3.3.2+13\x64\lwjgl_opengl.dll
0x00007ff82b5f0000 - 0x00007ff82b7fa000 	C:\Users\Utente\AppData\Local\Temp\de.fabmax.physx-jni\2.0.5\PhysX_64.dll
0x00007ff82af00000 - 0x00007ff82b124000 	C:\Users\Utente\AppData\Local\Temp\de.fabmax.physx-jni\2.0.5\PhysXCommon_64.dll
0x00007ff86f6e0000 - 0x00007ff86f71b000 	C:\Users\Utente\AppData\Local\Temp\de.fabmax.physx-jni\2.0.5\PhysXCooking_64.dll
0x00007ff8663d0000 - 0x00007ff866417000 	C:\Users\Utente\AppData\Local\Temp\de.fabmax.physx-jni\2.0.5\PhysXFoundation_64.dll
0x00007ff82c740000 - 0x00007ff82c8aa000 	C:\Users\Utente\AppData\Local\Temp\de.fabmax.physx-jni\2.0.5\PhysXJniBindings_64.dll
0x00007ff850770000 - 0x00007ff8507f6000 	C:\Program Files\Java\jdk-19\bin\freetype.dll
0x00007ff845180000 - 0x00007ff845246000 	C:\Program Files\Java\jdk-19\bin\fontmanager.dll

dbghelp: loaded successfully - version: 4.0.5 - missing functions: none
symbol engine: initialized successfully - sym options: 0x614 - pdb path: .;C:\Program Files\Java\jdk-19\bin;C:\WINDOWS\SYSTEM32;C:\WINDOWS\WinSxS\amd64_microsoft.windows.common-controls_6595b64144ccf1df_6.0.22621.1635_none_270f70857386168e;C:\Program Files\Java\jdk-19\bin\server;C:\Program Files\JetBrains\IntelliJ IDEA Community Edition 2022.3.2\bin;C:\Users\Utente\AppData\Local\Temp\lwjgl_Utente\3.3.2+13\x64;C:\WINDOWS\System32\DriverStore\FileRepository\iigd_dch.inf_amd64_c529b210005a7e19;C:\Users\Utente\AppData\Local\Temp\de.fabmax.physx-jni\2.0.5

VM Arguments:
jvm_args: -Djava.library.path=C:\Users\Utente\Desktop\kool-ai\kool-ai\build\classes\kotlin\jvm\main -javaagent:C:\Program Files\JetBrains\IntelliJ IDEA Community Edition 2022.3.2\lib\idea_rt.jar=62694:C:\Program Files\JetBrains\IntelliJ IDEA Community Edition 2022.3.2\bin -Dfile.encoding=UTF-8 -Dsun.stdout.encoding=UTF-8 -Dsun.stderr.encoding=UTF-8 
java_command: LauncherKt
java_class_path (initial): C:\Users\Utente\Desktop\kool-ai\kool-ai\build\classes\kotlin\jvm\main;C:\Users\Utente\.gradle\caches\modules-2\files-2.1\org.jetbrains.kotlin\kotlin-stdlib-jdk8\1.8.20\73576ddf378c5b4f1f6b449fe6b119b8183fc078\kotlin-stdlib-jdk8-1.8.20.jar;C:\Users\Utente\.gradle\caches\modules-2\files-2.1\de.fabmax.kool\kool-core-jvm\0.11.0\64a262268040af42a0ade793d5ffc0a167971147\kool-core-jvm-0.11.0.jar;C:\Users\Utente\.gradle\caches\modules-2\files-2.1\org.lwjgl\lwjgl-glfw\3.3.2\757920418805fb90bfebb3d46b1d9e7669fca2eb\lwjgl-glfw-3.3.2.jar;C:\Users\Utente\.gradle\caches\modules-2\files-2.1\de.fabmax.kool\kool-physics-jvm\0.11.0\cce7c65f1f89b8b05ea868b9970b4f251894c6a5\kool-physics-jvm-0.11.0.jar;C:\Users\Utente\.gradle\caches\modules-2\files-2.1\org.lwjgl\lwjgl-glfw\3.3.2\1251e3cb7e5d6159334cfb9244f789ce992f03b\lwjgl-glfw-3.3.2-natives-windows.jar;C:\Users\Utente\.gradle\caches\modules-2\files-2.1\org.jetbrains.kotlin\kotlin-stdlib-jdk7\1.8.20\3aa51faf20aae8b31e1a4bc54f8370673d7b7df4\kotlin-stdlib-jdk7-1.8.20.jar;C:\Users\Utente\.gradle\caches\modules-2\files-2.1\org.lwjgl\lwjgl-opengl\3.3.2\ee8e95be0b438602038bc1f02dc5e3d011b1b216\lwjgl-opengl-3.3.2.jar;C:\Users\Utente\.gradle\caches\modules-2\files-2.1\org.jetbrains.kotlin\kotlin-stdlib\1.8.20\e72fc5e03ec6c064c678a6bd0d955c88d55b0c4a\kotlin-stdlib-1.8.20.jar;C:\Users\Utente\.gradle\caches\modules-2\files-2.1\org.lwjgl\lwjgl-opengl\3.3.2\83cd34469d4e0bc335bf74c7f62206530a9480bf\lwjgl-opengl-3.3.2-natives-windows.jar;C:\Users\Utente\.gradle\caches\modules-2\files-2.1\de.fabmax\physx-jni\2.0.5\b9f0ef6aa39f67dc519984384535af87dc43fcee\physx-jni-2.0.5.jar;C:\Users\Utente\.gradle\caches\modules-2\files-2.1\org.lwjgl\lwjgl-jemalloc\3.3.2\877e17e39ebcd58a9c956dc3b5b777813de0873a\lwjgl-jemalloc-3.3.2.jar;C:\Users\Utente\.gradle\caches\modules-2\files-2.1\org.jetbrains\annotations\13.0\919f0dfe192fb4e063e7dacadee7f8bb9a2672a9\annotations-13.0.jar;C:\Users\Utente\.gradle\caches\modules-2\files-2.1\org.lwjgl\lwjgl-jemalloc\3.3.2\db886c1f9e313c3fa2a25543b99ccd250d3f9fb5\lwjgl-jemalloc-3.3.2-natives-windows.jar;C:\Users\Utente\.gradle\caches\modules-2\files-2.1\org.lwjgl\lwjgl-nfd\3.3.2\ec66452fad5bf48707cbe96c573c6cc3dd8a7a82\lwjgl-nfd-3.3.2.jar;C:\Users\Utente\.gradle\caches\modules-2\files-2.1\org.lwjgl\lwjgl-nfd\3.3.2\12c0041066a97f0c74d0f72db1423ac9ea124275\lwjgl-nfd-3.3.2-natives-windows.jar;C:\Users\Utente\.gradle\caches\modules-2\files-2.1\org.lwjgl\lwjgl-stb\3.3.2\a2550795014d622b686e9caac50b14baa87d2c70\lwjgl-stb-3.3.2.jar;C:\Users\Utente\.gradle\caches\modules-2\files-2.1\org.lwjgl\lwjgl-stb\3.3.2\1c4f4b8353bdb78c5264ab921436f03fc9aa1ba5\lwjgl-stb-3.3.2-natives-windows.jar;C:\Users\Utente\.gradle\caches\modules-2\files-2.1\org.lwjgl\lwjgl-vma\3.3.2\a41fdf7d218f9d3a41b961db57236535eea02f86\lwjgl-vma-3.3.2.jar;C:\Users\Utente\.gradle\caches\modules-2\files-2.1\org.lwjgl\lwjgl-vma\3.3.2\8db21a9f0a8a4b87f9316320c7e21964d1794b28\lwjgl-vma-3.3.2-natives-windows.jar;C:\Users\Utente\.gradle\caches\modules-2\files-2.1\org.lwjgl\lwjgl-shaderc\3.3.2\4ee1403751345258489fb971796c2165fbbd2457\lwjgl-shaderc-3.3.2.jar;C:\Users\Utente\.gradle\caches\modules-2\files-2.1\org.lwjgl\lwjgl-shaderc\3.3.2\7729834302c5631ee0b3562acc8e75d579698543\lwjgl-shaderc-3.3.2-natives-windows.jar;C:\Users\Utente\.gradle\caches\modules-2\files-2.1\org.lwjgl\lwjgl\3.3.2\4421d94af68e35dcaa31737a6fc59136a1e61b94\lwjgl-3.3.2.jar;C:\Users\Utente\.gradle\caches\modules-2\files-2.1\org.lwjgl\lwjgl\3.3.2\a55169ced70ffcd15f2162daf4a9c968578f6cd5\lwjgl-3.3.2-natives-windows.jar;C:\Users\Utente\.gradle\caches\modules-2\files-2.1\de.fabmax\physx-jni\2.0.5\5852b22e93903b9d45b51aaa4bda72b2a5325ab3\physx-jni-2.0.5-natives-windows.jar;C:\Users\Utente\.gradle\caches\modules-2\files-2.1\org.lwjgl\lwjgl-vulkan\3.3.2\41471d7a812105344f9e46c924f4b7597a3a15dc\lwjgl-vulkan-3.3.2.jar;C:\Users\Utente\.gradle\caches\modules-2\files-2.1\org.jetbrains.kotlin\kotlin-reflect\1.8.20\ea6ffe3c1bb1229f4d9279ae51395c54e7132d53\kotlin-reflect-1.8.20.jar;C:\Users\Utente\.gradle\caches\modules-2\files-2.1\org.jetbrains\annotations\23.0.0\8cc20c07506ec18e0834947b84a864bfc094484e\annotations-23.0.0.jar;C:\Users\Utente\.gradle\caches\modules-2\files-2.1\org.jetbrains.kotlinx\kotlinx-coroutines-core-jvm\1.7.0-Beta\1db29d377fe1e399eabe883d825f2f4b0dd4959a\kotlinx-coroutines-core-jvm-1.7.0-Beta.jar;C:\Users\Utente\.gradle\caches\modules-2\files-2.1\org.jetbrains.kotlinx\kotlinx-serialization-json-jvm\1.5.0\f2355f60f5c027da0326c8af2d9c724d39aa0ce9\kotlinx-serialization-json-jvm-1.5.0.jar;C:\Users\Utente\.gradle\caches\modules-2\files-2.1\org.jetbrains.kotlinx\kotlinx-serialization-core-jvm\1.5.0\d701e8cccd443a7cc1a0bcac53432f2745dcdbda\kotlinx-serialization-core-jvm-1.5.0.jar
Launcher Type: SUN_STANDARD

[Global flags]
     intx CICompilerCount                          = 4                                         {product} {ergonomic}
     uint ConcGCThreads                            = 2                                         {product} {ergonomic}
     uint G1ConcRefinementThreads                  = 8                                         {product} {ergonomic}
   size_t G1HeapRegionSize                         = 2097152                                   {product} {ergonomic}
    uintx GCDrainStackTargetSize                   = 64                                        {product} {ergonomic}
   size_t InitialHeapSize                          = 266338304                                 {product} {ergonomic}
   size_t MarkStackSize                            = 4194304                                   {product} {ergonomic}
   size_t MaxHeapSize                              = 4238344192                                {product} {ergonomic}
   size_t MaxNewSize                               = 2541748224                                {product} {ergonomic}
   size_t MinHeapDeltaBytes                        = 2097152                                   {product} {ergonomic}
   size_t MinHeapSize                              = 8388608                                   {product} {ergonomic}
    uintx NonNMethodCodeHeapSize                   = 5839372                                {pd product} {ergonomic}
    uintx NonProfiledCodeHeapSize                  = 122909434                              {pd product} {ergonomic}
    uintx ProfiledCodeHeapSize                     = 122909434                              {pd product} {ergonomic}
    uintx ReservedCodeCacheSize                    = 251658240                              {pd product} {ergonomic}
     bool SegmentedCodeCache                       = true                                      {product} {ergonomic}
   size_t SoftMaxHeapSize                          = 4238344192                             {manageable} {ergonomic}
     bool UseCompressedClassPointers               = true                           {product lp64_product} {ergonomic}
     bool UseCompressedOops                        = true                           {product lp64_product} {ergonomic}
     bool UseG1GC                                  = true                                      {product} {ergonomic}
     bool UseLargePagesIndividualAllocation        = false                                  {pd product} {ergonomic}

Logging:
Log output configuration:
 #0: stdout all=off uptime,level,tags foldmultilines=false
 #1: stderr all=off uptime,level,tags foldmultilines=false

Environment Variables:
JAVA_HOME="C:\Program Files\Java\jdk-17"
PATH=C:\Program Files (x86)\AdoptOpenJDK\jdk-14.0.2.12-hotspot\bin;c:\devkitPro\msys2\usr\bin;C:\Program Files\Common Files\Oracle\Java\javapath;C:\WINDOWS\system32;C:\WINDOWS;C:\WINDOWS\System32\Wbem;C:\WINDOWS\System32\WindowsPowerShell\v1.0\;C:\WINDOWS\System32\OpenSSH\;C:\Program Files\Java\jdk-17\bin;C:\Program Files\nodejs\;C:\ProgramData\chocolatey\bin;C:\Users\Utente\AppData\Local\Microsoft\WindowsApps;C:\Users\Utente\AppData\Local\Programs\Microsoft VS Code\bin;C:\Users\Utente\AppData\Roaming\npm;C:\Users\Utente\AppData\Local\GitHubDesktop\bin
USERNAME=Utente
OS=Windows_NT
PROCESSOR_IDENTIFIER=Intel64 Family 6 Model 140 Stepping 1, GenuineIntel
TMP=C:\Users\Utente\AppData\Local\Temp
TEMP=C:\Users\Utente\AppData\Local\Temp



---------------  S Y S T E M  ---------------

OS:
 Windows 11 , 64 bit Build 22621 (10.0.22621.1928)
OS uptime: 19 days 20:53 hours

CPU: total 8 (initial active 8) (4 cores per cpu, 2 threads per core) family 6 model 140 stepping 1 microcode 0x8a, cx8, cmov, fxsr, ht, mmx, 3dnowpref, sse, sse2, sse3, ssse3, sse4.1, sse4.2, popcnt, lzcnt, tsc, tscinvbit, avx, avx2, aes, erms, clmul, bmi1, bmi2, adx, avx512f, avx512dq, avx512cd, avx512bw, avx512vl, sha, fma, vzeroupper, avx512_vpopcntdq, avx512_vpclmulqdq, avx512_vaes, avx512_vnni, clflush, clflushopt, clwb, avx512_vbmi2, avx512_vbmi, rdtscp, rdpid, fsrm, gfni, avx512_bitalg

Memory: 4k page, system-wide physical 16167M (6739M free)
TotalPageFile size 18599M (AvailPageFile size 8707M)
current process WorkingSet (physical memory assigned to process): 408M, peak: 414M
current process commit charge ("private bytes"): 464M, peak: 465M

vm_info: Java HotSpot(TM) 64-Bit Server VM (19.0.2+7-44) for windows-amd64 JRE (19.0.2+7-44), built on 2022-11-30T18:02:09Z by "mach5one" with MS VC++ 17.1 (VS2022)

END.
